<?xml version="1.0" encoding="UTF-8"?>
<!-- Generated by org.testng.reporters.JUnitReportReporter -->
<testsuite hostname="ASHISH-LAPTOP" name="com.zohoapp.testcases.HomePagetest" tests="2" failures="0" timestamp="18 Mar 2020 06:40:01 GMT" time="0.015" errors="0">
  <testcase name="verifyTittleOfHomepage" time="0.000" classname="com.zohoapp.testcases.HomePagetest"/>
  <testcase name="verifyActivelink" time="0.015" classname="com.zohoapp.testcases.HomePagetest"/>
</testsuite> <!-- com.zohoapp.testcases.HomePagetest -->
