<?xml version="1.0" encoding="UTF-8"?>
<!-- Generated by org.testng.reporters.JUnitReportReporter -->
<testsuite hostname="ASHISH-LAPTOP" name="com.zohoapp.testcases.Zohoapppagetest" tests="1" failures="0" timestamp="4 Mar 2020 05:45:07 GMT" time="205.656" errors="0">
  <testcase name="VerifyCrmlink" time="205.656" classname="com.zohoapp.testcases.Zohoapppagetest"/>
</testsuite> <!-- com.zohoapp.testcases.Zohoapppagetest -->
