<?xml version="1.0" encoding="UTF-8"?>
<!-- Generated by org.testng.reporters.JUnitReportReporter -->
<testsuite hostname="ASHISH-LAPTOP" name="com.zohoapp.testcases.Leadpagetest" tests="1" failures="0" timestamp="27 Mar 2020 07:07:48 GMT" time="106.287" errors="0">
  <testcase name="docreateLeadpage" time="106.287" classname="com.zohoapp.testcases.Leadpagetest"/>
</testsuite> <!-- com.zohoapp.testcases.Leadpagetest -->
