<?xml version="1.0" encoding="UTF-8"?>
<!-- Generated by org.testng.reporters.JUnitReportReporter -->
<testsuite hostname="ASHISH-LAPTOP" name="com.zohoapp.testcases.Loginpagetest" tests="2" failures="0" timestamp="3 Mar 2020 06:45:27 GMT" time="54.755" errors="0">
  <testcase name="Logintest" time="28.557" classname="com.zohoapp.testcases.Loginpagetest"/>
  <testcase name="Validateloginpagetittle" time="26.198" classname="com.zohoapp.testcases.Loginpagetest"/>
</testsuite> <!-- com.zohoapp.testcases.Loginpagetest -->
