<?xml version="1.0" encoding="UTF-8"?>
<!-- Generated by org.testng.reporters.JUnitReportReporter -->
<testsuite hostname="ASHISH-LAPTOP" name="com.zohoapp.testcases.Loginpagetest" tests="2" failures="0" timestamp="13 Mar 2020 05:58:55 GMT" time="55.280" errors="0">
  <testcase name="Logintest" time="32.709" classname="com.zohoapp.testcases.Loginpagetest"/>
  <testcase name="Validateloginpagetittle" time="22.571" classname="com.zohoapp.testcases.Loginpagetest"/>
</testsuite> <!-- com.zohoapp.testcases.Loginpagetest -->
