<?xml version="1.0" encoding="UTF-8"?>
<!-- Generated by org.testng.reporters.JUnitReportReporter -->
<testsuite hostname="ASHISH-LAPTOP" name="com.zohoapp.testcases.Loginpagetest" tests="2" failures="0" timestamp="18 Mar 2020 06:40:01 GMT" time="371.255" errors="0">
  <testcase name="Logintest" time="133.649" classname="com.zohoapp.testcases.Loginpagetest"/>
  <testcase name="Validateloginpagetittle" time="237.606" classname="com.zohoapp.testcases.Loginpagetest"/>
</testsuite> <!-- com.zohoapp.testcases.Loginpagetest -->
